<?xml version="1.0" encoding="UTF-8"?>
<testsuite xmlns:xsi="http://www.w3.org/2001/XMLSchema-instance" xsi:noNamespaceSchemaLocation="https://maven.apache.org/surefire/maven-surefire-plugin/xsd/surefire-test-report.xsd" version="3.0.2" name="com.example.demo.PfaProjectApplicationTests" time="9.902" tests="1" errors="0" skipped="0" failures="0">
  <properties>
[...]
</properties>
  <testcase name="contextLoads" classname="com.example.demo.PfaProjectApplicationTests" time="0.809">
    <system-out><![CDATA[13:23:13.335 [main] INFO org.springframework.test.context.support.AnnotationConfigContextLoaderUtils -- Could not detect default configuration classes for test class [com.example.demo.PfaProjectApplicationTests]: PfaProjectApplicationTests does not declare any static, non-private, non-final, nested classes annotated with @Configuration.
13:23:13.536 [main] INFO org.springframework.boot.test.context.SpringBootTestContextBootstrapper -- Found @SpringBootConfiguration com.example.demo.PfaProjectApplication for test class com.example.demo.PfaProjectApplicationTests
13:23:13.900 [main] INFO org.springframework.boot.devtools.restart.RestartApplicationListener -- Restart disabled due to context in which it is running

  .   ____          _            __ _ _
 /\\ / ___'_ __ _ _(_)_ __  __ _ \ \ \ \
( ( )\___ | '_ | '_| | '_ \/ _` | \ \ \ \
 \\/  ___)| |_)| | | | | || (_| |  ) ) ) )
  '  |____| .__|_| |_|_| |_\__, | / / / /
 =========|_|==============|___/=/_/_/_/

 :: Spring Boot ::                (v3.4.5)

2025-06-11T13:23:14.574+01:00  INFO 8016 --- [demo] [           main] c.e.demo.PfaProjectApplicationTests      : Starting PfaProjectApplicationTests using Java 17.0.12 with PID 8016 (started by Asus in C:\Users\Asus\Documents\SpringBoot_LaboratoireRecherche\SpringBoot-React\Spring_BackEnd\demo)
2025-06-11T13:23:14.577+01:00  INFO 8016 --- [demo] [           main] c.e.demo.PfaProjectApplicationTests      : No active profile set, falling back to 1 default profile: "default"
2025-06-11T13:23:16.218+01:00  INFO 8016 --- [demo] [           main] .s.d.r.c.RepositoryConfigurationDelegate : Bootstrapping Spring Data JPA repositories in DEFAULT mode.
2025-06-11T13:23:16.379+01:00  INFO 8016 --- [demo] [           main] .s.d.r.c.RepositoryConfigurationDelegate : Finished Spring Data repository scanning in 141 ms. Found 1 JPA repository interface.
2025-06-11T13:23:17.232+01:00  INFO 8016 --- [demo] [           main] o.hibernate.jpa.internal.util.LogHelper  : HHH000204: Processing PersistenceUnitInfo [name: default]
2025-06-11T13:23:17.353+01:00  INFO 8016 --- [demo] [           main] org.hibernate.Version                    : HHH000412: Hibernate ORM core version 6.6.13.Final
2025-06-11T13:23:17.414+01:00  INFO 8016 --- [demo] [           main] o.h.c.internal.RegionFactoryInitiator    : HHH000026: Second-level cache disabled
2025-06-11T13:23:18.051+01:00  INFO 8016 --- [demo] [           main] o.s.o.j.p.SpringPersistenceUnitInfo      : No LoadTimeWeaver setup: ignoring JPA class transformer
2025-06-11T13:23:18.101+01:00  INFO 8016 --- [demo] [           main] com.zaxxer.hikari.HikariDataSource       : HikariPool-1 - Starting...
2025-06-11T13:23:18.585+01:00  INFO 8016 --- [demo] [           main] com.zaxxer.hikari.pool.HikariPool        : HikariPool-1 - Added connection com.mysql.cj.jdbc.ConnectionImpl@1bec1589
2025-06-11T13:23:18.588+01:00  INFO 8016 --- [demo] [           main] com.zaxxer.hikari.HikariDataSource       : HikariPool-1 - Start completed.
2025-06-11T13:23:18.762+01:00  INFO 8016 --- [demo] [           main] org.hibernate.orm.connections.pooling    : HHH10001005: Database info:
	Database JDBC URL [Connecting through datasource 'HikariDataSource (HikariPool-1)']
	Database driver: undefined/unknown
	Database version: 8.0.41
	Autocommit mode: undefined/unknown
	Isolation level: undefined/unknown
	Minimum pool size: undefined/unknown
	Maximum pool size: undefined/unknown
2025-06-11T13:23:20.246+01:00  INFO 8016 --- [demo] [           main] o.h.e.t.j.p.i.JtaPlatformInitiator       : HHH000489: No JTA platform available (set 'hibernate.transaction.jta.platform' to enable JTA platform integration)
Hibernate: create table etudiant (id bigint not null auto_increment, email varchar(255), nom varchar(255), primary key (id)) engine=InnoDB
2025-06-11T13:23:20.377+01:00  INFO 8016 --- [demo] [           main] j.LocalContainerEntityManagerFactoryBean : Initialized JPA EntityManagerFactory for persistence unit 'default'
2025-06-11T13:23:21.770+01:00  WARN 8016 --- [demo] [           main] .s.s.UserDetailsServiceAutoConfiguration : 

Using generated security password: eef9e2b2-7f0e-4209-bf8c-cfe5ee2b4758

This generated password is for development use only. Your security configuration must be updated before running your application in production.

2025-06-11T13:23:21.798+01:00  INFO 8016 --- [demo] [           main] r$InitializeUserDetailsManagerConfigurer : Global AuthenticationManager configured with UserDetailsService bean with name inMemoryUserDetailsManager
2025-06-11T13:23:22.150+01:00  INFO 8016 --- [demo] [           main] c.e.demo.PfaProjectApplicationTests      : Started PfaProjectApplicationTests in 8.274 seconds (process running for 9.833)
]]></system-out>
  </testcase>
</testsuite>